05_frontend_movil/android/app/build/intermediates/manifest_merge_blame_file/debug/processDebugMainManifest/manifest-merger-blame-debug-report.txt
1<?xml version="1.0" encoding="utf-8"?>
2<manifest xmlns:android="http://schemas.android.com/apk/res/android"
3    package="com.restausync.app"
4    android:versionCode="1"
5    android:versionName="1.0" >
6
7    <uses-sdk
8        android:minSdkVersion="23"
9        android:targetSdkVersion="35" />
10
11    <!-- Permissions -->
12
13    <uses-permission android:name="android.permission.INTERNET" />
13-->src\main\AndroidManifest.xml:41:5-67
13-->src\main\AndroidManifest.xml:41:22-64
14    <uses-permission android:name="android.permission.CAMERA" />
14-->src\main\AndroidManifest.xml:42:5-65
14-->src\main\AndroidManifest.xml:42:22-62
15    <uses-permission android:name="android.permission.RECORD_AUDIO" />
15-->src\main\AndroidManifest.xml:43:5-71
15-->src\main\AndroidManifest.xml:43:22-68
16    <uses-permission android:name="android.permission.READ_EXTERNAL_STORAGE" />
16-->src\main\AndroidManifest.xml:44:5-80
16-->src\main\AndroidManifest.xml:44:22-77
17    <uses-permission android:name="android.permission.WRITE_EXTERNAL_STORAGE" />
17-->src\main\AndroidManifest.xml:45:5-81
17-->src\main\AndroidManifest.xml:45:22-78
18    <uses-permission android:name="android.permission.ACCESS_NETWORK_STATE" />
18-->src\main\AndroidManifest.xml:46:5-79
18-->src\main\AndroidManifest.xml:46:22-76
19    <uses-permission android:name="android.permission.WAKE_LOCK" />
19-->src\main\AndroidManifest.xml:47:5-68
19-->src\main\AndroidManifest.xml:47:22-65
20    <uses-permission android:name="android.permission.VIBRATE" />
20-->src\main\AndroidManifest.xml:48:5-66
20-->src\main\AndroidManifest.xml:48:22-63
21
22    <!-- Camera features -->
23    <uses-feature
23-->src\main\AndroidManifest.xml:51:5-85
24        android:name="android.hardware.camera"
24-->src\main\AndroidManifest.xml:51:19-57
25        android:required="false" />
25-->src\main\AndroidManifest.xml:51:58-82
26    <uses-feature
26-->src\main\AndroidManifest.xml:52:5-95
27        android:name="android.hardware.camera.autofocus"
27-->src\main\AndroidManifest.xml:52:19-67
28        android:required="false" />
28-->src\main\AndroidManifest.xml:52:68-92
29    <uses-feature
29-->src\main\AndroidManifest.xml:53:5-91
30        android:name="android.hardware.camera.flash"
30-->src\main\AndroidManifest.xml:53:19-63
31        android:required="false" />
31-->src\main\AndroidManifest.xml:53:64-88
32
33    <queries>
33-->[:capacitor-camera] AndroidManifest.xml:7:5-11:15
34        <intent>
34-->[:capacitor-camera] AndroidManifest.xml:8:9-10:18
35            <action android:name="android.media.action.IMAGE_CAPTURE" />
35-->[:capacitor-camera] AndroidManifest.xml:9:13-73
35-->[:capacitor-camera] AndroidManifest.xml:9:21-70
36        </intent>
37    </queries>
38
39    <permission
39-->[androidx.core:core:1.15.0] AndroidManifest.xml:22:5-24:47
40        android:name="com.restausync.app.DYNAMIC_RECEIVER_NOT_EXPORTED_PERMISSION"
40-->[androidx.core:core:1.15.0] AndroidManifest.xml:23:9-81
41        android:protectionLevel="signature" />
41-->[androidx.core:core:1.15.0] AndroidManifest.xml:24:9-44
42
43    <uses-permission android:name="com.restausync.app.DYNAMIC_RECEIVER_NOT_EXPORTED_PERMISSION" />
43-->[androidx.core:core:1.15.0] AndroidManifest.xml:26:5-97
43-->[androidx.core:core:1.15.0] AndroidManifest.xml:26:22-94
44
45    <application
45-->src\main\AndroidManifest.xml:4:5-37:19
46        android:allowBackup="true"
46-->src\main\AndroidManifest.xml:5:9-35
47        android:appComponentFactory="androidx.core.app.CoreComponentFactory"
47-->[androidx.core:core:1.15.0] AndroidManifest.xml:28:18-86
48        android:debuggable="true"
49        android:extractNativeLibs="false"
50        android:icon="@mipmap/ic_launcher"
50-->src\main\AndroidManifest.xml:6:9-43
51        android:label="@string/app_name"
51-->src\main\AndroidManifest.xml:7:9-41
52        android:roundIcon="@mipmap/ic_launcher_round"
52-->src\main\AndroidManifest.xml:8:9-54
53        android:supportsRtl="true"
53-->src\main\AndroidManifest.xml:9:9-35
54        android:theme="@style/AppTheme"
54-->src\main\AndroidManifest.xml:11:9-40
55        android:usesCleartextTraffic="true" >
55-->src\main\AndroidManifest.xml:10:9-44
56        <activity
56-->src\main\AndroidManifest.xml:13:9-26:20
57            android:name="com.restausync.app.MainActivity"
57-->src\main\AndroidManifest.xml:15:13-41
58            android:configChanges="orientation|keyboardHidden|keyboard|screenSize|locale|smallestScreenSize|screenLayout|uiMode|navigation"
58-->src\main\AndroidManifest.xml:14:13-140
59            android:exported="true"
59-->src\main\AndroidManifest.xml:19:13-36
60            android:label="@string/title_activity_main"
60-->src\main\AndroidManifest.xml:16:13-56
61            android:launchMode="singleTask"
61-->src\main\AndroidManifest.xml:18:13-44
62            android:theme="@style/AppTheme.NoActionBarLaunch" >
62-->src\main\AndroidManifest.xml:17:13-62
63            <intent-filter>
63-->src\main\AndroidManifest.xml:21:13-24:29
64                <action android:name="android.intent.action.MAIN" />
64-->src\main\AndroidManifest.xml:22:17-69
64-->src\main\AndroidManifest.xml:22:25-66
65
66                <category android:name="android.intent.category.LAUNCHER" />
66-->src\main\AndroidManifest.xml:23:17-77
66-->src\main\AndroidManifest.xml:23:27-74
67            </intent-filter>
68        </activity>
69
70        <provider
71            android:name="androidx.core.content.FileProvider"
71-->src\main\AndroidManifest.xml:29:13-62
72            android:authorities="com.restausync.app.fileprovider"
72-->src\main\AndroidManifest.xml:30:13-64
73            android:exported="false"
73-->src\main\AndroidManifest.xml:31:13-37
74            android:grantUriPermissions="true" >
74-->src\main\AndroidManifest.xml:32:13-47
75            <meta-data
75-->src\main\AndroidManifest.xml:33:13-35:64
76                android:name="android.support.FILE_PROVIDER_PATHS"
76-->src\main\AndroidManifest.xml:34:17-67
77                android:resource="@xml/file_paths" />
77-->src\main\AndroidManifest.xml:35:17-51
78        </provider>
79        <!--
80        This activity is an invisible delegate activity to start scanner activity
81        and receive result, so it's unnecessary to support screen orientation and
82        we can avoid any side effect from activity recreation in any case.
83        -->
84        <activity
84-->[com.google.android.gms:play-services-code-scanner:16.1.0] AndroidManifest.xml:15:9-20:20
85            android:name="com.google.mlkit.vision.codescanner.internal.GmsBarcodeScanningDelegateActivity"
85-->[com.google.android.gms:play-services-code-scanner:16.1.0] AndroidManifest.xml:16:13-107
86            android:exported="false"
86-->[com.google.android.gms:play-services-code-scanner:16.1.0] AndroidManifest.xml:17:13-37
87            android:screenOrientation="portrait" >
87-->[com.google.android.gms:play-services-code-scanner:16.1.0] AndroidManifest.xml:18:13-49
88        </activity>
89
90        <service
90-->[com.google.android.gms:play-services-mlkit-barcode-scanning:18.3.1] AndroidManifest.xml:9:9-15:19
91            android:name="com.google.mlkit.common.internal.MlKitComponentDiscoveryService"
91-->[com.google.android.gms:play-services-mlkit-barcode-scanning:18.3.1] AndroidManifest.xml:10:13-91
92            android:directBootAware="true"
92-->[com.google.mlkit:common:18.11.0] AndroidManifest.xml:17:13-43
93            android:exported="false" >
93-->[com.google.android.gms:play-services-mlkit-barcode-scanning:18.3.1] AndroidManifest.xml:11:13-37
94            <meta-data
94-->[com.google.android.gms:play-services-mlkit-barcode-scanning:18.3.1] AndroidManifest.xml:12:13-14:85
95                android:name="com.google.firebase.components:com.google.mlkit.vision.barcode.internal.BarcodeRegistrar"
95-->[com.google.android.gms:play-services-mlkit-barcode-scanning:18.3.1] AndroidManifest.xml:13:17-120
96                android:value="com.google.firebase.components.ComponentRegistrar" />
96-->[com.google.android.gms:play-services-mlkit-barcode-scanning:18.3.1] AndroidManifest.xml:14:17-82
97            <meta-data
97-->[com.google.mlkit:vision-common:17.3.0] AndroidManifest.xml:12:13-14:85
98                android:name="com.google.firebase.components:com.google.mlkit.vision.common.internal.VisionCommonRegistrar"
98-->[com.google.mlkit:vision-common:17.3.0] AndroidManifest.xml:13:17-124
99                android:value="com.google.firebase.components.ComponentRegistrar" />
99-->[com.google.mlkit:vision-common:17.3.0] AndroidManifest.xml:14:17-82
100            <meta-data
100-->[com.google.mlkit:common:18.11.0] AndroidManifest.xml:20:13-22:85
101                android:name="com.google.firebase.components:com.google.mlkit.common.internal.CommonComponentRegistrar"
101-->[com.google.mlkit:common:18.11.0] AndroidManifest.xml:21:17-120
102                android:value="com.google.firebase.components.ComponentRegistrar" />
102-->[com.google.mlkit:common:18.11.0] AndroidManifest.xml:22:17-82
103        </service>
104
105        <provider
105-->[com.google.mlkit:common:18.11.0] AndroidManifest.xml:9:9-13:38
106            android:name="com.google.mlkit.common.internal.MlKitInitProvider"
106-->[com.google.mlkit:common:18.11.0] AndroidManifest.xml:10:13-78
107            android:authorities="com.restausync.app.mlkitinitprovider"
107-->[com.google.mlkit:common:18.11.0] AndroidManifest.xml:11:13-69
108            android:exported="false"
108-->[com.google.mlkit:common:18.11.0] AndroidManifest.xml:12:13-37
109            android:initOrder="99" />
109-->[com.google.mlkit:common:18.11.0] AndroidManifest.xml:13:13-35
110
111        <activity
111-->[com.google.android.gms:play-services-base:18.5.0] AndroidManifest.xml:5:9-173
112            android:name="com.google.android.gms.common.api.GoogleApiActivity"
112-->[com.google.android.gms:play-services-base:18.5.0] AndroidManifest.xml:5:19-85
113            android:exported="false"
113-->[com.google.android.gms:play-services-base:18.5.0] AndroidManifest.xml:5:146-170
114            android:theme="@android:style/Theme.Translucent.NoTitleBar" />
114-->[com.google.android.gms:play-services-base:18.5.0] AndroidManifest.xml:5:86-145
115
116        <meta-data
116-->[com.google.android.gms:play-services-basement:18.4.0] AndroidManifest.xml:6:9-122
117            android:name="com.google.android.gms.version"
117-->[com.google.android.gms:play-services-basement:18.4.0] AndroidManifest.xml:6:20-65
118            android:value="@integer/google_play_services_version" />
118-->[com.google.android.gms:play-services-basement:18.4.0] AndroidManifest.xml:6:66-119
119
120        <provider
120-->[androidx.emoji2:emoji2:1.3.0] AndroidManifest.xml:24:9-32:20
121            android:name="androidx.startup.InitializationProvider"
121-->[androidx.emoji2:emoji2:1.3.0] AndroidManifest.xml:25:13-67
122            android:authorities="com.restausync.app.androidx-startup"
122-->[androidx.emoji2:emoji2:1.3.0] AndroidManifest.xml:26:13-68
123            android:exported="false" >
123-->[androidx.emoji2:emoji2:1.3.0] AndroidManifest.xml:27:13-37
124            <meta-data
124-->[androidx.emoji2:emoji2:1.3.0] AndroidManifest.xml:29:13-31:52
125                android:name="androidx.emoji2.text.EmojiCompatInitializer"
125-->[androidx.emoji2:emoji2:1.3.0] AndroidManifest.xml:30:17-75
126                android:value="androidx.startup" />
126-->[androidx.emoji2:emoji2:1.3.0] AndroidManifest.xml:31:17-49
127            <meta-data
127-->[androidx.lifecycle:lifecycle-process:2.6.2] AndroidManifest.xml:29:13-31:52
128                android:name="androidx.lifecycle.ProcessLifecycleInitializer"
128-->[androidx.lifecycle:lifecycle-process:2.6.2] AndroidManifest.xml:30:17-78
129                android:value="androidx.startup" />
129-->[androidx.lifecycle:lifecycle-process:2.6.2] AndroidManifest.xml:31:17-49
130            <meta-data
130-->[androidx.profileinstaller:profileinstaller:1.3.1] AndroidManifest.xml:29:13-31:52
131                android:name="androidx.profileinstaller.ProfileInstallerInitializer"
131-->[androidx.profileinstaller:profileinstaller:1.3.1] AndroidManifest.xml:30:17-85
132                android:value="androidx.startup" />
132-->[androidx.profileinstaller:profileinstaller:1.3.1] AndroidManifest.xml:31:17-49
133        </provider>
134
135        <service
135-->[androidx.camera:camera-camera2:1.1.0] AndroidManifest.xml:26:9-35:19
136            android:name="androidx.camera.core.impl.MetadataHolderService"
136-->[androidx.camera:camera-camera2:1.1.0] AndroidManifest.xml:27:13-75
137            android:enabled="false"
137-->[androidx.camera:camera-camera2:1.1.0] AndroidManifest.xml:28:13-36
138            android:exported="false" >
138-->[androidx.camera:camera-camera2:1.1.0] AndroidManifest.xml:29:13-37
139            <meta-data
139-->[androidx.camera:camera-camera2:1.1.0] AndroidManifest.xml:32:13-34:89
140                android:name="androidx.camera.core.impl.MetadataHolderService.DEFAULT_CONFIG_PROVIDER"
140-->[androidx.camera:camera-camera2:1.1.0] AndroidManifest.xml:33:17-103
141                android:value="androidx.camera.camera2.Camera2Config$DefaultProvider" />
141-->[androidx.camera:camera-camera2:1.1.0] AndroidManifest.xml:34:17-86
142        </service>
143
144        <receiver
144-->[androidx.profileinstaller:profileinstaller:1.3.1] AndroidManifest.xml:34:9-52:20
145            android:name="androidx.profileinstaller.ProfileInstallReceiver"
145-->[androidx.profileinstaller:profileinstaller:1.3.1] AndroidManifest.xml:35:13-76
146            android:directBootAware="false"
146-->[androidx.profileinstaller:profileinstaller:1.3.1] AndroidManifest.xml:36:13-44
147            android:enabled="true"
147-->[androidx.profileinstaller:profileinstaller:1.3.1] AndroidManifest.xml:37:13-35
148            android:exported="true"
148-->[androidx.profileinstaller:profileinstaller:1.3.1] AndroidManifest.xml:38:13-36
149            android:permission="android.permission.DUMP" >
149-->[androidx.profileinstaller:profileinstaller:1.3.1] AndroidManifest.xml:39:13-57
150            <intent-filter>
150-->[androidx.profileinstaller:profileinstaller:1.3.1] AndroidManifest.xml:40:13-42:29
151                <action android:name="androidx.profileinstaller.action.INSTALL_PROFILE" />
151-->[androidx.profileinstaller:profileinstaller:1.3.1] AndroidManifest.xml:41:17-91
151-->[androidx.profileinstaller:profileinstaller:1.3.1] AndroidManifest.xml:41:25-88
152            </intent-filter>
153            <intent-filter>
153-->[androidx.profileinstaller:profileinstaller:1.3.1] AndroidManifest.xml:43:13-45:29
154                <action android:name="androidx.profileinstaller.action.SKIP_FILE" />
154-->[androidx.profileinstaller:profileinstaller:1.3.1] AndroidManifest.xml:44:17-85
154-->[androidx.profileinstaller:profileinstaller:1.3.1] AndroidManifest.xml:44:25-82
155            </intent-filter>
156            <intent-filter>
156-->[androidx.profileinstaller:profileinstaller:1.3.1] AndroidManifest.xml:46:13-48:29
157                <action android:name="androidx.profileinstaller.action.SAVE_PROFILE" />
157-->[androidx.profileinstaller:profileinstaller:1.3.1] AndroidManifest.xml:47:17-88
157-->[androidx.profileinstaller:profileinstaller:1.3.1] AndroidManifest.xml:47:25-85
158            </intent-filter>
159            <intent-filter>
159-->[androidx.profileinstaller:profileinstaller:1.3.1] AndroidManifest.xml:49:13-51:29
160                <action android:name="androidx.profileinstaller.action.BENCHMARK_OPERATION" />
160-->[androidx.profileinstaller:profileinstaller:1.3.1] AndroidManifest.xml:50:17-95
160-->[androidx.profileinstaller:profileinstaller:1.3.1] AndroidManifest.xml:50:25-92
161            </intent-filter>
162        </receiver>
163
164        <service
164-->[com.google.android.datatransport:transport-backend-cct:2.3.3] AndroidManifest.xml:29:9-35:19
165            android:name="com.google.android.datatransport.runtime.backends.TransportBackendDiscovery"
165-->[com.google.android.datatransport:transport-backend-cct:2.3.3] AndroidManifest.xml:30:13-103
166            android:exported="false" >
166-->[com.google.android.datatransport:transport-backend-cct:2.3.3] AndroidManifest.xml:31:13-37
167            <meta-data
167-->[com.google.android.datatransport:transport-backend-cct:2.3.3] AndroidManifest.xml:32:13-34:39
168                android:name="backend:com.google.android.datatransport.cct.CctBackendFactory"
168-->[com.google.android.datatransport:transport-backend-cct:2.3.3] AndroidManifest.xml:33:17-94
169                android:value="cct" />
169-->[com.google.android.datatransport:transport-backend-cct:2.3.3] AndroidManifest.xml:34:17-36
170        </service>
171        <service
171-->[com.google.android.datatransport:transport-runtime:2.2.6] AndroidManifest.xml:26:9-30:19
172            android:name="com.google.android.datatransport.runtime.scheduling.jobscheduling.JobInfoSchedulerService"
172-->[com.google.android.datatransport:transport-runtime:2.2.6] AndroidManifest.xml:27:13-117
173            android:exported="false"
173-->[com.google.android.datatransport:transport-runtime:2.2.6] AndroidManifest.xml:28:13-37
174            android:permission="android.permission.BIND_JOB_SERVICE" >
174-->[com.google.android.datatransport:transport-runtime:2.2.6] AndroidManifest.xml:29:13-69
175        </service>
176
177        <receiver
177-->[com.google.android.datatransport:transport-runtime:2.2.6] AndroidManifest.xml:32:9-34:40
178            android:name="com.google.android.datatransport.runtime.scheduling.jobscheduling.AlarmManagerSchedulerBroadcastReceiver"
178-->[com.google.android.datatransport:transport-runtime:2.2.6] AndroidManifest.xml:33:13-132
179            android:exported="false" />
179-->[com.google.android.datatransport:transport-runtime:2.2.6] AndroidManifest.xml:34:13-37
180    </application>
181
182</manifest>